# JRE version: OpenJDK Runtime Environment (8.0_152-b06) (build 1.8.0_152-release-1136-b06)
# Java VM: OpenJDK 64-Bit Server VM (25.152-b06 mixed mode linux-amd64 compressed oops)
Heap:
 PSYoungGen      total 434176K, used 434156K [0x00000000e0000000, 0x0000000100000000, 0x0000000100000000)
  eden space 344064K, 100% used [0x00000000e0000000,0x00000000f5000000,0x00000000f5000000)
  from space 90112K, 99% used [0x00000000f5000000,0x00000000fa7fb170,0x00000000fa800000)
  to   space 90112K, 54% used [0x00000000fa800000,0x00000000fd7be990,0x0000000100000000)
 ParOldGen       total 401408K, used 192873K [0x00000000a0000000, 0x00000000b8800000, 0x00000000e0000000)
  object space 401408K, 48% used [0x00000000a0000000,0x00000000abc5e6d8,0x00000000b8800000)
 Metaspace       used 142628K, capacity 149512K, committed 149632K, reserved 1179648K
  class space    used 18234K, capacity 19576K, committed 19584K, reserved 1048576K
GC Heap History (10 events):
Event: 373,428 GC heap after
Heap after GC invocations=15 (full 4):
 PSYoungGen      total 462336K, used 17077K [0x00000000e0000000, 0x0000000100000000, 0x0000000100000000)
  eden space 400384K, 0% used [0x00000000e0000000,0x00000000e0000000,0x00000000f8700000)
  from space 61952K, 27% used [0x00000000f8700000,0x00000000f97ad468,0x00000000fc380000)
  to   space 59904K, 0% used [0x00000000fc580000,0x00000000fc580000,0x0000000100000000)
 ParOldGen       total 401408K, used 120570K [0x00000000a0000000, 0x00000000b8800000, 0x00000000e0000000)
  object space 401408K, 30% used [0x00000000a0000000,0x00000000a75be988,0x00000000b8800000)
 Metaspace       used 101826K, capacity 106594K, committed 106752K, reserved 1142784K
  class space    used 13280K, capacity 14259K, committed 14336K, reserved 1048576K
}
Event: 970,272 GC heap before
{Heap before GC invocations=16 (full 4):
 PSYoungGen      total 462336K, used 417461K [0x00000000e0000000, 0x0000000100000000, 0x0000000100000000)
  eden space 400384K, 100% used [0x00000000e0000000,0x00000000f8700000,0x00000000f8700000)
  from space 61952K, 27% used [0x00000000f8700000,0x00000000f97ad468,0x00000000fc380000)
  to   space 59904K, 0% used [0x00000000fc580000,0x00000000fc580000,0x0000000100000000)
 ParOldGen       total 401408K, used 120570K [0x00000000a0000000, 0x00000000b8800000, 0x00000000e0000000)
  object space 401408K, 30% used [0x00000000a0000000,0x00000000a75be988,0x00000000b8800000)
 Metaspace       used 105502K, capacity 110384K, committed 110592K, reserved 1144832K
  class space    used 13586K, capacity 14588K, committed 14592K, reserved 1048576K
Event: 970,298 GC heap after
Heap after GC invocations=16 (full 4):
 PSYoungGen      total 462336K, used 37251K [0x00000000e0000000, 0x0000000100000000, 0x0000000100000000)
  eden space 402432K, 0% used [0x00000000e0000000,0x00000000e0000000,0x00000000f8900000)
  from space 59904K, 62% used [0x00000000fc580000,0x00000000fe9e0c30,0x0000000100000000)
  to   space 60928K, 0% used [0x00000000f8900000,0x00000000f8900000,0x00000000fc480000)
 ParOldGen       total 401408K, used 120578K [0x00000000a0000000, 0x00000000b8800000, 0x00000000e0000000)
  object space 401408K, 30% used [0x00000000a0000000,0x00000000a75c0988,0x00000000b8800000)
 Metaspace       used 105502K, capacity 110384K, committed 110592K, reserved 1144832K
  class space    used 13586K, capacity 14588K, committed 14592K, reserved 1048576K
}
Event: 972,641 GC heap before
{Heap before GC invocations=17 (full 4):
 PSYoungGen      total 462336K, used 439683K [0x00000000e0000000, 0x0000000100000000, 0x0000000100000000)
  eden space 402432K, 100% used [0x00000000e0000000,0x00000000f8900000,0x00000000f8900000)
  from space 59904K, 62% used [0x00000000fc580000,0x00000000fe9e0c30,0x0000000100000000)
  to   space 60928K, 0% used [0x00000000f8900000,0x00000000f8900000,0x00000000fc480000)
 ParOldGen       total 401408K, used 120578K [0x00000000a0000000, 0x00000000b8800000, 0x00000000e0000000)
  object space 401408K, 30% used [0x00000000a0000000,0x00000000a75c0988,0x00000000b8800000)
 Metaspace       used 117936K, capacity 123450K, committed 123776K, reserved 1157120K
  class space    used 15266K, capacity 16391K, committed 16512K, reserved 1048576K
Event: 972,704 GC heap after
Heap after GC invocations=17 (full 4):
 PSYoungGen      total 463360K, used 60914K [0x00000000e0000000, 0x0000000100000000, 0x0000000100000000)
  eden space 402432K, 0% used [0x00000000e0000000,0x00000000e0000000,0x00000000f8900000)
  from space 60928K, 99% used [0x00000000f8900000,0x00000000fc47ca58,0x00000000fc480000)
  to   space 60928K, 0% used [0x00000000fc480000,0x00000000fc480000,0x0000000100000000)
 ParOldGen       total 401408K, used 135410K [0x00000000a0000000, 0x00000000b8800000, 0x00000000e0000000)
  object space 401408K, 33% used [0x00000000a0000000,0x00000000a843ca58,0x00000000b8800000)
 Metaspace       used 117936K, capacity 123450K, committed 123776K, reserved 1157120K
  class space    used 15266K, capacity 16391K, committed 16512K, reserved 1048576K
}
Event: 1192,371 GC heap before
{Heap before GC invocations=18 (full 4):
 PSYoungGen      total 463360K, used 463346K [0x00000000e0000000, 0x0000000100000000, 0x0000000100000000)
  eden space 402432K, 100% used [0x00000000e0000000,0x00000000f8900000,0x00000000f8900000)
  from space 60928K, 99% used [0x00000000f8900000,0x00000000fc47ca58,0x00000000fc480000)
  to   space 60928K, 0% used [0x00000000fc480000,0x00000000fc480000,0x0000000100000000)
 ParOldGen       total 401408K, used 135410K [0x00000000a0000000, 0x00000000b8800000, 0x00000000e0000000)
  object space 401408K, 33% used [0x00000000a0000000,0x00000000a843ca58,0x00000000b8800000)
 Metaspace       used 119182K, capacity 125032K, committed 125184K, reserved 1157120K
  class space    used 15370K, capacity 16540K, committed 16640K, reserved 1048576K
Event: 1192,437 GC heap after
Heap after GC invocations=18 (full 4):
 PSYoungGen      total 404992K, used 60896K [0x00000000e0000000, 0x0000000100000000, 0x0000000100000000)
  eden space 344064K, 0% used [0x00000000e0000000,0x00000000e0000000,0x00000000f5000000)
  from space 60928K, 99% used [0x00000000fc480000,0x00000000ffff8148,0x0000000100000000)
  to   space 90112K, 0% used [0x00000000f5000000,0x00000000f5000000,0x00000000fa800000)
 ParOldGen       total 401408K, used 156098K [0x00000000a0000000, 0x00000000b8800000, 0x00000000e0000000)
  object space 401408K, 38% used [0x00000000a0000000,0x00000000a9870990,0x00000000b8800000)
 Metaspace       used 119182K, capacity 125032K, committed 125184K, reserved 1157120K
  class space    used 15370K, capacity 16540K, committed 16640K, reserved 1048576K
}
Event: 1406,914 GC heap before
{Heap before GC invocations=19 (full 4):
 PSYoungGen      total 404992K, used 404960K [0x00000000e0000000, 0x0000000100000000, 0x0000000100000000)
  eden space 344064K, 100% used [0x00000000e0000000,0x00000000f5000000,0x00000000f5000000)
  from space 60928K, 99% used [0x00000000fc480000,0x00000000ffff8148,0x0000000100000000)
  to   space 90112K, 0% used [0x00000000f5000000,0x00000000f5000000,0x00000000fa800000)
 ParOldGen       total 401408K, used 156098K [0x00000000a0000000, 0x00000000b8800000, 0x00000000e0000000)
  object space 401408K, 38% used [0x00000000a0000000,0x00000000a9870990,0x00000000b8800000)
 Metaspace       used 136655K, capacity 143258K, committed 143360K, reserved 1173504K
  class space    used 17569K, capacity 18905K, committed 18944K, reserved 1048576K
Event: 1407,002 GC heap after
Heap after GC invocations=19 (full 4):
 PSYoungGen      total 434176K, used 90092K [0x00000000e0000000, 0x0000000100000000, 0x0000000100000000)
  eden space 344064K, 0% used [0x00000000e0000000,0x00000000e0000000,0x00000000f5000000)
  from space 90112K, 99% used [0x00000000f5000000,0x00000000fa7fb170,0x00000000fa800000)
  to   space 90112K, 0% used [0x00000000fa800000,0x00000000fa800000,0x0000000100000000)
 ParOldGen       total 401408K, used 174474K [0x00000000a0000000, 0x00000000b8800000, 0x00000000e0000000)
  object space 401408K, 43% used [0x00000000a0000000,0x00000000aaa62940,0x00000000b8800000)
 Metaspace       used 136655K, capacity 143258K, committed 143360K, reserved 1173504K
  class space    used 17569K, capacity 18905K, committed 18944K, reserved 1048576K
}
Event: 1412,234 GC heap before
{Heap before GC invocations=20 (full 4):
 PSYoungGen      total 434176K, used 434156K [0x00000000e0000000, 0x0000000100000000, 0x0000000100000000)
  eden space 344064K, 100% used [0x00000000e0000000,0x00000000f5000000,0x00000000f5000000)
  from space 90112K, 99% used [0x00000000f5000000,0x00000000fa7fb170,0x00000000fa800000)
  to   space 90112K, 0% used [0x00000000fa800000,0x00000000fa800000,0x0000000100000000)
 ParOldGen       total 401408K, used 174474K [0x00000000a0000000, 0x00000000b8800000, 0x00000000e0000000)
  object space 401408K, 43% used [0x00000000a0000000,0x00000000aaa62940,0x00000000b8800000)
 Metaspace       used 142628K, capacity 149512K, committed 149632K, reserved 1179648K
  class space    used 18234K, capacity 19576K, committed 19584K, reserved 1048576K

